<?xml version="1.0" encoding="UTF-8"?>
<testsuite xmlns:xsi="http://www.w3.org/2001/XMLSchema-instance" xsi:noNamespaceSchemaLocation="https://maven.apache.org/surefire/maven-surefire-plugin/xsd/surefire-test-report-3.0.xsd" version="3.0" name="TestSuite" time="26.119" tests="5" errors="0" skipped="0" failures="1">
  <properties>
[...]
</properties>
  <testcase name="navigateToLandingPage" classname="FrameworkBuild.ValidateTitle" time="5.339">
    <failure message="expected [FEATURED_COURSES] but found [FEATURED COURSES]" type="java.lang.AssertionError"><![CDATA[java.lang.AssertionError: expected [FEATURED_COURSES] but found [FEATURED COURSES]
	at FrameworkBuild.ValidateTitle.navigateToLandingPage(ValidateTitle.java:35)
]]></failure>
    <system-err><![CDATA[StSatrtairngt iCSnhtgraor SmtCetihDanrrrgtoi iCmvnheegrrDo r mC9ihev2Dre.romir0ev .De49rr52i .19v052e...r44 0539. 14255.(.10843c5.6 4.1(54b8317c 5e6.(21489b3c876 9e(1f28b297c896e992989ff12b2799e99209d084d294ff228f5989950c9dacc4a72c7f118359cac1719331191139717337877778c7c8ec7-ccrecee--rfresef/fbsrs/a/bnbrcahn-chhe-raahdns/4c51h5-@{heads/045d145@2f{8#35#93c00a66c}}7))1  3o1n9 1p3o7r7t8 74co4c6n 2p6eo
-rOrnte lfsy1 3/0lbr4oa3cna
cOlhn-l hyec olonncaecl tconneictoionsns  aarrea daelsl oaleawldeosd./
Pw4l5ea1es5e@ {d#s.e3
0eP 6l}he)tat posn: /p/ocrhtr o3m7ed67ri7v
Oenrl.chromium.org/security-considerati/o4n51s5 f@{or#s 3e06} )s oeen  hptotrpts :4/4/2c5h7r
oOmnleyd rilvocael rc.ocnnherctoiomnisu ma.roer ga/lsleocwuerdi.t
yP-lceaosnes isdeeera tihontst fposr :s/ug/gecshtironosm eodrni vkeeerp.cinhgry o Cmlhiorucomamle. Docrorinvgn/eesrce tcsiouanrfsei t.a
yr-ec oanlsliodweedr.a
tPiolnse faors es uggestiosnse eo nh tktepesp:i/n/gc hCrhormoemderDirvievr.chromeiru ms.aofre.g/
securisutyg-cgoensstiidoenrsat ioonn sk efeopir nsg Chrouggmees[Dt1ri6oi[3nv10es67 r31o 08sn71a 14fk38ee.1e.49p
3.9[6166]3[0[171W81A6R3N0I7N1G48]31.:493 6F8]r[o.mW9SAC6Roh8cN]rkI[oANWmdGeA]dRDr:rN  IiFfNvraGeoi]rlm :eS wdoa csko Ansd tdnaerr ttmefaad Fsirslkuo
emcd cioennss gfn uelCtlhmrya.os
mkeDr
iver sa66CCh]hr[rWoomAmeReDNDrIriNiGvve]e:rr  wF arwsoa msSs toscakrttAaderddtr e sdfu acsiculesecsdc feousnls lfynue.lt
flmeay.s.
k
C
hromeDriver was started successfully.
SockAddr failed on netmask
Sep 03, 2021 6:15:46 PM org.openqa.selenium.remote.ProtocolHandshake createSession
INFO: Detected dialect: W3C
Sep 03, 2021 6:15:46 PM org.openqa.selenium.remote.ProtocolHandshake createSession
INFO: Detected dialect: W3C
Sep 03, 2021 6:15:46 PM org.openqa.selenium.remote.ProtocolHandshake createSession
INFO: Detected dialect: W3C
Sep 03, 2021 6:15:47 PM org.openqa.selenium.remote.ProtocolHandshake createSession
INFO: Detected dialect: W3C
]]></system-err>
  </testcase>
  <testcase name="navBar" classname="FrameworkBuild.ValidateNavigationBar" time="7.485"/>
  <testcase name="basePageNavigation[user1@abc.com, user1, User1 login](1)" classname="FrameworkBuild.HomePage" time="11.187">
    <system-out><![CDATA[PASSED: navBar

===============================================
    Validating navigation bar
    Tests run: 1, Failures: 0, Skips: 0
===============================================

FAILED: navigateToLandingPage
java.lang.AssertionError: expected [FEATURED_COURSES] but found [FEATURED COURSES]
	at org.testng.Assert.fail(Assert.java:99)
	at org.testng.Assert.failNotEquals(Assert.java:1037)
	at org.testng.Assert.assertEqualsImpl(Assert.java:140)
	at org.testng.Assert.assertEquals(Assert.java:122)
	at org.testng.Assert.assertEquals(Assert.java:629)
	at org.testng.Assert.assertEquals(Assert.java:639)
	at FrameworkBuild.ValidateTitle.navigateToLandingPage(ValidateTitle.java:35)
	at sun.reflect.NativeMethodAccessorImpl.invoke0(Native Method)
	at sun.reflect.NativeMethodAccessorImpl.invoke(NativeMethodAccessorImpl.java:62)
	at sun.reflect.DelegatingMethodAccessorImpl.invoke(DelegatingMethodAccessorImpl.java:43)
	at java.lang.reflect.Method.invoke(Method.java:498)
	at org.testng.internal.MethodInvocationHelper.invokeMethod(MethodInvocationHelper.java:133)
	at org.testng.internal.TestInvoker.invokeMethod(TestInvoker.java:598)
	at org.testng.internal.TestInvoker.invokeTestMethod(TestInvoker.java:173)
	at org.testng.internal.MethodRunner.runInSequence(MethodRunner.java:46)
	at org.testng.internal.TestInvoker$MethodInvocationAgent.invoke(TestInvoker.java:824)
	at org.testng.internal.TestInvoker.invokeTestMethods(TestInvoker.java:146)
	at org.testng.internal.TestMethodWorker.invokeTestMethods(TestMethodWorker.java:146)
	at org.testng.internal.TestMethodWorker.run(TestMethodWorker.java:128)
	at java.util.ArrayList.forEach(ArrayList.java:1259)
	at org.testng.TestRunner.privateRun(TestRunner.java:794)
	at org.testng.TestRunner.run(TestRunner.java:596)
	at org.testng.SuiteRunner.runTest(SuiteRunner.java:377)
	at org.testng.SuiteRunner.access$000(SuiteRunner.java:28)
	at org.testng.SuiteRunner$SuiteWorker.run(SuiteRunner.java:418)
	at org.testng.internal.thread.ThreadUtil.lambda$execute$0(ThreadUtil.java:64)
	at java.util.concurrent.FutureTask.run(FutureTask.java:266)
	at java.util.concurrent.ThreadPoolExecutor.runWorker(ThreadPoolExecutor.java:1149)
	at java.util.concurrent.ThreadPoolExecutor$Worker.run(ThreadPoolExecutor.java:624)
	at java.lang.Thread.run(Thread.java:748)


===============================================
    Validate title
    Tests run: 1, Failures: 1, Skips: 0
===============================================

User1 login
]]></system-out>
  </testcase>
  <testcase name="basePageNavigation[user2@abc.com, user2, User2 login](2)" classname="FrameworkBuild.HomePage" time="3.791">
    <system-out><![CDATA[User2 login
]]></system-out>
  </testcase>
  <testcase name="validatePractice" classname="FrameworkBuild.ValidatePracticeLandingPage" time="10.029">
    <system-out><![CDATA[PASSED: basePageNavigation("user1@abc.com", "user1", "User1 login")
PASSED: basePageNavigation("user2@abc.com", "user2", "User2 login")

===============================================
    Validating basePageNavigation
    Tests run: 1, Failures: 0, Skips: 0
===============================================

]]></system-out>
  </testcase>
</testsuite>