<?xml version="1.0" encoding="UTF-8"?>
<!-- Generated by org.testng.reporters.JUnitXMLReporter -->
<testsuite hostname="38f9d362894e.ant.amazon.com" ignored="0" name="Validating basePageNavigation" tests="2" failures="0" timestamp="2021-09-03T18:16:02 PDT" time="18.82" errors="0">
  <testcase name="basePageNavigation" time="11.406" classname="FrameworkBuild.HomePage"/>
  <testcase name="basePageNavigation" time="3.798" classname="FrameworkBuild.HomePage"/>
</testsuite> <!-- Validating basePageNavigation -->
